Determining if the include file pthread.h exists failed with the following output:
Change Dir: C:/Users/Christos/Documents/university/5o Etos/Graphics/lab2/build/CMakeFiles/CMakeTmp

Run Build Command:"C:\Program Files (x86)\Microsoft Visual Studio\2017\Community/MSBuild/15.0/Bin/MSBuild.exe" "cmTC_9425c.vcxproj" "/p:Configuration=Debug" "/p:VisualStudioVersion=15.0"
Microsoft (R) Build Engine version 15.4.8.50001 for .NET Framework
Copyright (C) Microsoft Corporation. All rights reserved.

Build started 10/30/2017 9:52:20 PM.
Project "C:\Users\Christos\Documents\university\5o Etos\Graphics\lab2\build\CMakeFiles\CMakeTmp\cmTC_9425c.vcxproj" on node 1 (default targets).
PrepareForBuild:
  Creating directory "cmTC_9425c.dir\Debug\".
  Creating directory "C:\Users\Christos\Documents\university\5o Etos\Graphics\lab2\build\CMakeFiles\CMakeTmp\Debug\".
  Creating directory "cmTC_9425c.dir\Debug\cmTC_9425c.tlog\".
InitializeBuildStatus:
  Creating "cmTC_9425c.dir\Debug\cmTC_9425c.tlog\unsuccessfulbuild" because "AlwaysCreate" was specified.
ClCompile:
  C:\Program Files (x86)\Microsoft Visual Studio\2017\Community\VC\Tools\MSVC\14.11.25503\bin\HostX86\x86\CL.exe /c /Zi /W3 /WX- /diagnostics:classic /Od /Ob0 /Oy- /D WIN32 /D _WINDOWS /D "CMAKE_INTDIR=\"Debug\"" /D _MBCS /Gm- /RTC1 /MDd /GS /fp:precise /Zc:wchar_t /Zc:forScope /Zc:inline /Fo"cmTC_9425c.dir\Debug\\" /Fd"cmTC_9425c.dir\Debug\vc141.pdb" /Gd /TC /analyze- /errorReport:queue "C:\Users\Christos\Documents\university\5o Etos\Graphics\lab2\build\CMakeFiles\CMakeTmp\CheckIncludeFile.c"
  Microsoft (R) C/C++ Optimizing Compiler Version 19.11.25547 for x86
  Copyright (C) Microsoft Corporation.  All rights reserved.
  
  cl /c /Zi /W3 /WX- /diagnostics:classic /Od /Ob0 /Oy- /D WIN32 /D _WINDOWS /D "CMAKE_INTDIR=\"Debug\"" /D _MBCS /Gm- /RTC1 /MDd /GS /fp:precise /Zc:wchar_t /Zc:forScope /Zc:inline /Fo"cmTC_9425c.dir\Debug\\" /Fd"cmTC_9425c.dir\Debug\vc141.pdb" /Gd /TC /analyze- /errorReport:queue "C:\Users\Christos\Documents\university\5o Etos\Graphics\lab2\build\CMakeFiles\CMakeTmp\CheckIncludeFile.c"
  CheckIncludeFile.c
  
C:\Users\Christos\Documents\university\5o Etos\Graphics\lab2\build\CMakeFiles\CMakeTmp\CheckIncludeFile.c(1): fatal error C1083: Cannot open include file: 'pthread.h': No such file or directory [C:\Users\Christos\Documents\university\5o Etos\Graphics\lab2\build\CMakeFiles\CMakeTmp\cmTC_9425c.vcxproj]
Done Building Project "C:\Users\Christos\Documents\university\5o Etos\Graphics\lab2\build\CMakeFiles\CMakeTmp\cmTC_9425c.vcxproj" (default targets) -- FAILED.

Build FAILED.

"C:\Users\Christos\Documents\university\5o Etos\Graphics\lab2\build\CMakeFiles\CMakeTmp\cmTC_9425c.vcxproj" (default target) (1) ->
(ClCompile target) -> 
  C:\Users\Christos\Documents\university\5o Etos\Graphics\lab2\build\CMakeFiles\CMakeTmp\CheckIncludeFile.c(1): fatal error C1083: Cannot open include file: 'pthread.h': No such file or directory [C:\Users\Christos\Documents\university\5o Etos\Graphics\lab2\build\CMakeFiles\CMakeTmp\cmTC_9425c.vcxproj]

    0 Warning(s)
    1 Error(s)

Time Elapsed 00:00:00.61


